2022-09-20 11:38:32,087 [INFO] Activator:177 - 


2022-09-20 11:38:32,088 [INFO] Activator:178 - !SESSION log4j initialized
2022-09-20 11:38:43,436 [INFO] McuFinderGlobals:44 - Set McuFinder mode to 2 (CubeIDE integrated)
2022-09-20 11:38:43,945 [INFO] ApplicationProperties:181 - Using Application install path: C:\ST\STM32CubeIDE_1.7.0\STM32CubeIDE\plugins\com.st.stm32cube.common.mx_6.6.1.202207061420
2022-09-20 11:38:43,970 [INFO] DbMcusXml:77 - Set database path to: C:\ST\STM32CubeIDE_1.7.0\STM32CubeIDE\plugins\com.st.stm32cube.common.mx_6.6.1.202207061420\\db\/mcu/
2022-09-20 11:38:43,971 [INFO] ApiDb:269 - Set plugin database path to: C:\ST\STM32CubeIDE_1.7.0\STM32CubeIDE\plugins\com.st.stm32cube.common.mx_6.6.1.202207061420\\db\/plugins/boardmanager/
2022-09-20 11:38:43,973 [WARN] ApiDb:254 - Overriding images path with different value:  => C:\ST\STM32CubeIDE_1.7.0\STM32CubeIDE\plugins\com.st.stm32cube.common.mx_6.6.1.202207061420\\db\/plugins/mcufinder/images/
2022-09-20 11:38:44,018 [INFO] ApiDb:249 - Set database path to: C:\Users\trong\.stmcufinder\plugins\mcufinder//mcu/
2022-09-20 11:38:44,020 [INFO] DbMcusAds:124 - Set database path to: C:\Users\trong\.stmcufinder\plugins\mcufinder//mcu/
2022-09-20 11:38:44,024 [INFO] CrossReferenceDbSqlite:201 - Set database path to: C:\Users\trong\.stmcufinder\plugins\mcufinder//mcu/cs/
2022-09-20 11:38:44,144 [INFO] RulesReader:61 - Compatibility file has been processed (282 Rules)
2022-09-20 11:38:44,249 [INFO] DbMcusXml:77 - Set database path to: C:\ST\STM32CubeIDE_1.7.0\STM32CubeIDE\plugins\com.st.stm32cube.common.mx_6.6.1.202207061420\\db\/mcu/
2022-09-20 11:38:44,249 [INFO] ApiDb:269 - Set plugin database path to: C:\ST\STM32CubeIDE_1.7.0\STM32CubeIDE\plugins\com.st.stm32cube.common.mx_6.6.1.202207061420\\db\/plugins/boardmanager/
2022-09-20 11:38:44,250 [INFO] ApiDb:256 - Set plugin images path to: C:\ST\STM32CubeIDE_1.7.0\STM32CubeIDE\plugins\com.st.stm32cube.common.mx_6.6.1.202207061420\\db\/plugins/mcufinder/images/
2022-09-20 11:38:44,250 [WARN] DbFile:40 - Overriding database path with different value: C:\Users\trong\.stmcufinder\plugins\mcufinder/ => C:\Users\trong\.stmcufinder\plugins\mcufinder
2022-09-20 11:38:44,250 [INFO] ApiDb:249 - Set database path to: C:\Users\trong\.stmcufinder\plugins\mcufinder//mcu/
2022-09-20 11:38:44,251 [WARN] DbFile:40 - Overriding database path with different value: C:\Users\trong\.stmcufinder\plugins\mcufinder/ => C:\Users\trong\.stmcufinder\plugins\mcufinder
2022-09-20 11:38:44,251 [INFO] DbMcusAds:124 - Set database path to: C:\Users\trong\.stmcufinder\plugins\mcufinder//mcu/
2022-09-20 11:38:44,252 [WARN] DbFile:40 - Overriding database path with different value: C:\Users\trong\.stmcufinder\plugins\mcufinder/ => C:\Users\trong\.stmcufinder\plugins\mcufinder
2022-09-20 11:38:44,252 [WARN] DbFile:40 - Overriding database path with different value: C:\Users\trong\.stmcufinder\plugins\mcufinder/ => C:\Users\trong\.stmcufinder\plugins\mcufinder
2022-09-20 11:38:44,252 [INFO] CrossReferenceDbSqlite:201 - Set database path to: C:\Users\trong\.stmcufinder\plugins\mcufinder//mcu/cs/
2022-09-20 11:38:44,364 [INFO] MainPanel:242 - HeapMemory: 268435456
2022-09-20 11:38:44,552 [INFO] DbMcusXml:77 - Set database path to: C:\ST\STM32CubeIDE_1.7.0\STM32CubeIDE\plugins\com.st.stm32cube.common.mx_6.6.1.202207061420\\db\/mcu/
2022-09-20 11:38:44,552 [INFO] ApiDb:269 - Set plugin database path to: C:\ST\STM32CubeIDE_1.7.0\STM32CubeIDE\plugins\com.st.stm32cube.common.mx_6.6.1.202207061420\\db\/plugins/boardmanager/
2022-09-20 11:38:44,552 [INFO] ApiDb:256 - Set plugin images path to: C:\ST\STM32CubeIDE_1.7.0\STM32CubeIDE\plugins\com.st.stm32cube.common.mx_6.6.1.202207061420\\db\/plugins/mcufinder/images/
2022-09-20 11:38:44,553 [WARN] DbFile:40 - Overriding database path with different value: C:\Users\trong\.stmcufinder\plugins\mcufinder/ => C:\Users\trong\.stmcufinder\plugins\mcufinder
2022-09-20 11:38:44,553 [INFO] ApiDb:249 - Set database path to: C:\Users\trong\.stmcufinder\plugins\mcufinder//mcu/
2022-09-20 11:38:44,553 [WARN] DbFile:40 - Overriding database path with different value: C:\Users\trong\.stmcufinder\plugins\mcufinder/ => C:\Users\trong\.stmcufinder\plugins\mcufinder
2022-09-20 11:38:44,553 [INFO] DbMcusAds:124 - Set database path to: C:\Users\trong\.stmcufinder\plugins\mcufinder//mcu/
2022-09-20 11:38:44,553 [WARN] DbFile:40 - Overriding database path with different value: C:\Users\trong\.stmcufinder\plugins\mcufinder/ => C:\Users\trong\.stmcufinder\plugins\mcufinder
2022-09-20 11:38:44,553 [WARN] DbFile:40 - Overriding database path with different value: C:\Users\trong\.stmcufinder\plugins\mcufinder/ => C:\Users\trong\.stmcufinder\plugins\mcufinder
2022-09-20 11:38:44,554 [INFO] CrossReferenceDbSqlite:201 - Set database path to: C:\Users\trong\.stmcufinder\plugins\mcufinder//mcu/cs/
2022-09-20 11:38:44,574 [INFO] ApplicationProperties:181 - Using Application install path: C:\ST\STM32CubeIDE_1.7.0\STM32CubeIDE\plugins\com.st.stm32cube.common.mx_6.6.1.202207061420
2022-09-20 11:38:44,576 [INFO] PluginManage:193 - Search for loadable plugins [exclusion list=, ]
2022-09-20 11:38:44,578 [INFO] PluginManage:307 - Check plugin analytics
2022-09-20 11:38:44,747 [INFO] AnalyticsPlugin:262 - Accepted Software Licenses: 
2022-09-20 11:38:44,748 [INFO] AnalyticsPlugin:264 - Accepted CMSIS Pack Licenses: 
2022-09-20 11:38:44,749 [INFO] AnalyticsPlugin:266 - Accepted Firmware Licenses: 
2022-09-20 11:38:44,759 [INFO] PluginManage:356 - Loaded plugin analytics (category:tool,tabindex:-1)
2022-09-20 11:38:44,759 [INFO] PluginManage:307 - Check plugin cadmodel
2022-09-20 11:38:44,789 [INFO] CADModel:65 - Init CAD model plugin
2022-09-20 11:38:44,789 [INFO] PluginManage:356 - Loaded plugin cadmodel (category:power,tabindex:5)
2022-09-20 11:38:44,790 [INFO] PluginManage:307 - Check plugin clock
2022-09-20 11:38:44,811 [INFO] PluginManage:356 - Loaded plugin clock (category:base,tabindex:2)
2022-09-20 11:38:44,811 [INFO] PluginManage:307 - Check plugin ddr
2022-09-20 11:38:44,814 [INFO] PluginManage:356 - Loaded plugin ddr (category:tool,tabindex:6)
2022-09-20 11:38:44,815 [INFO] PluginManage:307 - Check plugin filemanager
2022-09-20 11:38:44,997 [INFO] PluginManage:356 - Loaded plugin filemanager (category:base,tabindex:10)
2022-09-20 11:38:44,998 [INFO] PluginManage:307 - Check plugin ipmanager
2022-09-20 11:38:45,007 [INFO] PluginManage:356 - Loaded plugin ipmanager (category:base,tabindex:5)
2022-09-20 11:38:45,007 [INFO] PluginManage:307 - Check plugin lpbam
2022-09-20 11:38:45,039 [INFO] PluginManage:356 - Loaded plugin lpbam (category:base,tabindex:0)
2022-09-20 11:38:45,039 [INFO] PluginManage:307 - Check plugin pinoutandconfiguration
2022-09-20 11:38:45,061 [INFO] PluginManage:356 - Loaded plugin pinoutandconfiguration (category:base,tabindex:1)
2022-09-20 11:38:45,061 [INFO] PluginManage:307 - Check plugin pinoutconfig
2022-09-20 11:38:45,116 [INFO] PluginManage:356 - Loaded plugin pinoutconfig (category:base,tabindex:0)
2022-09-20 11:38:45,117 [INFO] PluginManage:307 - Check plugin power
2022-09-20 11:38:45,136 [INFO] PluginManage:356 - Loaded plugin power (category:power,tabindex:4)
2022-09-20 11:38:45,137 [INFO] PluginManage:307 - Check plugin projectmanager
2022-09-20 11:38:45,154 [INFO] PluginManage:356 - Loaded plugin projectmanager (category:projectmanager,tabindex:3)
2022-09-20 11:38:45,154 [INFO] PluginManage:307 - Check plugin thirdparty
2022-09-20 11:38:45,415 [WARN] IntegrityCheckThread:82 - waiting for thirdparty lock release [integrity check]
2022-09-20 11:38:45,416 [INFO] PluginManage:356 - Loaded plugin thirdparty (category:base,tabindex:-1)
2022-09-20 11:38:45,416 [INFO] IntegrityCheckThread:84 - entering critical section [integrity check]
2022-09-20 11:38:45,416 [INFO] PluginManage:307 - Check plugin tools
2022-09-20 11:38:45,419 [INFO] ThirdPartyUpdaterWithRetryManager:70 - Updater plugin not ready yet. [1/15]
2022-09-20 11:38:45,441 [INFO] PluginManage:356 - Loaded plugin tools (category:base,tabindex:7)
2022-09-20 11:38:45,441 [INFO] PluginManage:307 - Check plugin tutovideos
2022-09-20 11:38:45,669 [INFO] PluginManage:356 - Loaded plugin tutovideos (category:base,tabindex:-1)
2022-09-20 11:38:45,670 [INFO] PluginManage:307 - Check plugin updater
2022-09-20 11:38:45,692 [INFO] PluginManage:356 - Loaded plugin updater (category:base,tabindex:12)
2022-09-20 11:38:45,692 [INFO] PluginManage:280 - PluginManage : Loaded plugins [15]
2022-09-20 11:38:45,991 [INFO] PinOutPanel:1468 - setPackage(No Configuration,No Configuration)
2022-09-20 11:38:46,067 [INFO] CADModel:98 - CPN selected for project level
2022-09-20 11:38:46,095 [INFO] IPUIPlugin:79 - create IPUIPlugin
2022-09-20 11:38:46,095 [INFO] PluginManager:217 - loadIPPluginJar : add adc
2022-09-20 11:38:46,125 [INFO] IPUIPlugin:79 - create IPUIPlugin
2022-09-20 11:38:46,125 [INFO] PluginManager:217 - loadIPPluginJar : add aes
2022-09-20 11:38:46,154 [INFO] IPUIPlugin:79 - create IPUIPlugin
2022-09-20 11:38:46,154 [INFO] PluginManager:217 - loadIPPluginJar : add can
2022-09-20 11:38:46,171 [INFO] IPUIPlugin:79 - create IPUIPlugin
2022-09-20 11:38:46,171 [INFO] PluginManager:217 - loadIPPluginJar : add comp
2022-09-20 11:38:46,199 [INFO] IPUIPlugin:79 - create IPUIPlugin
2022-09-20 11:38:46,199 [INFO] PluginManager:217 - loadIPPluginJar : add cryp
2022-09-20 11:38:46,224 [INFO] IPUIPlugin:79 - create IPUIPlugin
2022-09-20 11:38:46,225 [INFO] PluginManager:217 - loadIPPluginJar : add dfsdm
2022-09-20 11:38:46,240 [INFO] IPUIPlugin:79 - create IPUIPlugin
2022-09-20 11:38:46,240 [INFO] PluginManager:217 - loadIPPluginJar : add dma
2022-09-20 11:38:46,274 [INFO] IPUIPlugin:79 - create IPUIPlugin
2022-09-20 11:38:46,275 [INFO] PluginManager:217 - loadIPPluginJar : add dma3
2022-09-20 11:38:46,291 [INFO] IPUIPlugin:79 - create IPUIPlugin
2022-09-20 11:38:46,291 [INFO] PluginManager:217 - loadIPPluginJar : add fatfs
2022-09-20 11:38:46,334 [INFO] IPUIPlugin:79 - create IPUIPlugin
2022-09-20 11:38:46,334 [INFO] PluginManager:217 - loadIPPluginJar : add fmc
2022-09-20 11:38:46,349 [INFO] IPUIPlugin:79 - create IPUIPlugin
2022-09-20 11:38:46,350 [INFO] PluginManager:217 - loadIPPluginJar : add freertos
2022-09-20 11:38:46,366 [INFO] IPUIPlugin:79 - create IPUIPlugin
2022-09-20 11:38:46,366 [INFO] PluginManager:217 - loadIPPluginJar : add genericplugin
2022-09-20 11:38:46,434 [INFO] IPUIPlugin:79 - create IPUIPlugin
2022-09-20 11:38:46,434 [INFO] PluginManager:217 - loadIPPluginJar : add gfxmmu
2022-09-20 11:38:46,537 [INFO] IPUIPlugin:79 - create IPUIPlugin
2022-09-20 11:38:46,538 [INFO] PluginManager:217 - loadIPPluginJar : add gic
2022-09-20 11:38:46,551 [INFO] IPUIPlugin:79 - create IPUIPlugin
2022-09-20 11:38:46,552 [INFO] PluginManager:217 - loadIPPluginJar : add gpio
2022-09-20 11:38:46,624 [INFO] IPUIPlugin:79 - create IPUIPlugin
2022-09-20 11:38:46,624 [INFO] PluginManager:217 - loadIPPluginJar : add gtzc
2022-09-20 11:38:46,650 [INFO] IPUIPlugin:79 - create IPUIPlugin
2022-09-20 11:38:46,650 [INFO] PluginManager:217 - loadIPPluginJar : add hash
2022-09-20 11:38:46,692 [INFO] IPUIPlugin:79 - create IPUIPlugin
2022-09-20 11:38:46,692 [INFO] PluginManager:217 - loadIPPluginJar : add i2c
2022-09-20 11:38:46,722 [INFO] IPUIPlugin:79 - create IPUIPlugin
2022-09-20 11:38:46,723 [INFO] PluginManager:217 - loadIPPluginJar : add i2s
2022-09-20 11:38:46,811 [INFO] IPUIPlugin:79 - create IPUIPlugin
2022-09-20 11:38:46,812 [INFO] PluginManager:217 - loadIPPluginJar : add ipddr
2022-09-20 11:38:46,886 [INFO] IPUIPlugin:79 - create IPUIPlugin
2022-09-20 11:38:46,886 [INFO] PluginManager:217 - loadIPPluginJar : add linkedlist
2022-09-20 11:38:46,918 [INFO] IPUIPlugin:79 - create IPUIPlugin
2022-09-20 11:38:46,918 [INFO] PluginManager:217 - loadIPPluginJar : add lorawan
2022-09-20 11:38:46,946 [INFO] IPUIPlugin:79 - create IPUIPlugin
2022-09-20 11:38:46,946 [INFO] PluginManager:217 - loadIPPluginJar : add ltdc
2022-09-20 11:38:46,961 [INFO] IPUIPlugin:79 - create IPUIPlugin
2022-09-20 11:38:46,962 [INFO] PluginManager:217 - loadIPPluginJar : add mdma
2022-09-20 11:38:46,973 [INFO] IPUIPlugin:79 - create IPUIPlugin
2022-09-20 11:38:46,974 [INFO] PluginManager:217 - loadIPPluginJar : add nvic
2022-09-20 11:38:47,003 [INFO] IPUIPlugin:79 - create IPUIPlugin
2022-09-20 11:38:47,004 [INFO] PluginManager:217 - loadIPPluginJar : add opamp
2022-09-20 11:38:47,053 [INFO] IPUIPlugin:79 - create IPUIPlugin
2022-09-20 11:38:47,054 [INFO] PluginManager:217 - loadIPPluginJar : add openamp
2022-09-20 11:38:47,091 [INFO] IPUIPlugin:79 - create IPUIPlugin
2022-09-20 11:38:47,091 [INFO] PluginManager:217 - loadIPPluginJar : add pdm2pcm
2022-09-20 11:38:47,107 [INFO] IPUIPlugin:79 - create IPUIPlugin
2022-09-20 11:38:47,110 [INFO] PluginManager:217 - loadIPPluginJar : add plateformsettings
2022-09-20 11:38:47,144 [INFO] IPUIPlugin:79 - create IPUIPlugin
2022-09-20 11:38:47,144 [INFO] PluginManager:217 - loadIPPluginJar : add quadspi
2022-09-20 11:38:47,157 [INFO] IPUIPlugin:79 - create IPUIPlugin
2022-09-20 11:38:47,158 [INFO] PluginManager:217 - loadIPPluginJar : add resmgrutility
2022-09-20 11:38:47,200 [INFO] IPUIPlugin:79 - create IPUIPlugin
2022-09-20 11:38:47,200 [INFO] PluginManager:217 - loadIPPluginJar : add sai
2022-09-20 11:38:47,231 [INFO] IPUIPlugin:79 - create IPUIPlugin
2022-09-20 11:38:47,231 [INFO] PluginManager:217 - loadIPPluginJar : add spi
2022-09-20 11:38:47,273 [INFO] IPUIPlugin:79 - create IPUIPlugin
2022-09-20 11:38:47,273 [INFO] PluginManager:217 - loadIPPluginJar : add stm32_wpan
2022-09-20 11:38:47,291 [INFO] IPUIPlugin:79 - create IPUIPlugin
2022-09-20 11:38:47,291 [INFO] PluginManager:217 - loadIPPluginJar : add tim
2022-09-20 11:38:47,333 [INFO] IPUIPlugin:79 - create IPUIPlugin
2022-09-20 11:38:47,334 [INFO] PluginManager:217 - loadIPPluginJar : add touchsensing
2022-09-20 11:38:47,351 [INFO] IPUIPlugin:79 - create IPUIPlugin
2022-09-20 11:38:47,352 [INFO] PluginManager:217 - loadIPPluginJar : add tracer_emb
2022-09-20 11:38:47,370 [INFO] IPUIPlugin:79 - create IPUIPlugin
2022-09-20 11:38:47,371 [INFO] PluginManager:217 - loadIPPluginJar : add ts
2022-09-20 11:38:47,387 [INFO] IPUIPlugin:79 - create IPUIPlugin
2022-09-20 11:38:47,387 [INFO] PluginManager:217 - loadIPPluginJar : add tsc
2022-09-20 11:38:47,404 [INFO] IPUIPlugin:79 - create IPUIPlugin
2022-09-20 11:38:47,404 [INFO] PluginManager:217 - loadIPPluginJar : add ucpd
2022-09-20 11:38:47,437 [INFO] IPUIPlugin:79 - create IPUIPlugin
2022-09-20 11:38:47,437 [INFO] PluginManager:217 - loadIPPluginJar : add usart
2022-09-20 11:38:47,470 [INFO] IPUIPlugin:79 - create IPUIPlugin
2022-09-20 11:38:47,470 [INFO] PluginManager:217 - loadIPPluginJar : add usbx
2022-09-20 11:38:47,833 [FATAL] Updater:301 - Updater called before beeing initialized
2022-09-20 11:38:47,961 [FATAL] Updater:301 - Updater called before beeing initialized
2022-09-20 11:38:47,974 [INFO] DbMcusAds:52 - JSON generation date=Thu Sep 30 13:55:09 ICT 2021 (1632984909265)
2022-09-20 11:38:47,975 [FATAL] Updater:301 - Updater called before beeing initialized
2022-09-20 11:38:48,044 [WARN] DetailPanel:344 - Failed to get advertising image, set to default
2022-09-20 11:38:48,160 [FATAL] Updater:301 - Updater called before beeing initialized
2022-09-20 11:38:48,163 [FATAL] Updater:301 - Updater called before beeing initialized
2022-09-20 11:38:48,163 [FATAL] Updater:301 - Updater called before beeing initialized
2022-09-20 11:38:48,163 [WARN] DetailPanel:344 - Failed to get advertising image, set to default
2022-09-20 11:38:48,164 [FATAL] Updater:301 - Updater called before beeing initialized
2022-09-20 11:38:48,255 [ERROR] Updater:1105 - MainUpdater not yet initialized. External WinMGr cannot be set.
2022-09-20 11:38:48,263 [INFO] Updater:1041 - Updater Version found : 6.6.1
2022-09-20 11:38:48,283 [INFO] ApplicationProperties:181 - Using Application install path: C:\ST\STM32CubeIDE_1.7.0\STM32CubeIDE\plugins\com.st.stm32cube.common.mx_6.6.1.202207061420
2022-09-20 11:38:48,352 [INFO] MainUpdater:516 - Copy updater definitions from MX database
2022-09-20 11:38:48,431 [INFO] ThirdPartyUpdaterWithRetryManager:70 - Updater plugin not ready yet. [2/15]
2022-09-20 11:38:48,702 [INFO] MainUpdater:2768 - connection check result : 10
2022-09-20 11:38:48,703 [INFO] MainUpdater:3453 - Updater definition file requires update
2022-09-20 11:38:48,705 [INFO] MainUpdater:280 - Updater Check For Update Now.
2022-09-20 11:38:48,705 [INFO] MicroXplorer:481 - Change Database Version : DB.6.0.60
2022-09-20 11:38:48,779 [INFO] ServerAccessManage:474 - Download File updaters.zip
2022-09-20 11:38:49,047 [INFO] FileExtend:239 - Unzip File : updaters.zip
2022-09-20 11:38:49,047 [INFO] FileExtend:254 - Standard Zip Deflate
2022-09-20 11:38:49,591 [INFO] ServerAccessManage:474 - Download File PacksControlFlags.xml
2022-09-20 11:38:49,716 [INFO] ServerAccessManage:474 - Download File cubemx.pidx
2022-09-20 11:38:49,819 [INFO] LoadServerUpdatesThread:367 - End of LoadServerUpdate Thread
2022-09-20 11:38:49,847 [WARN] CheckServerUpdateThread:148 - Open CheckUpdateFile Fail
2022-09-20 11:38:49,976 [INFO] CheckServerUpdateThread:119 - End of CheckServer Thread
2022-09-20 11:38:49,987 [INFO] MainUpdater:2768 - connection check result : 10
2022-09-20 11:38:50,008 [INFO] McuFinderGlobals:57 - Set McuFinderConnectedMode to true
2022-09-20 11:38:50,415 [INFO] ServerAccessManage:474 - Download File mcusAds.json._tmp_
2022-09-20 11:38:50,531 [INFO] LoadUrlFilesThread:150 - End of LoadUrlFiles Thread
2022-09-20 11:38:50,610 [INFO] ServerAccessManage:474 - Download File cube-finder-db.zip
2022-09-20 11:38:51,433 [WARN] MainUpdater:1184 - Updater busy. Cannot search thirdparties
2022-09-20 11:38:51,434 [INFO] ThirdPartyUpdaterWithRetryManager:96 - Updater plugin is busy. [1/15]
2022-09-20 11:38:54,439 [WARN] MainUpdater:1184 - Updater busy. Cannot search thirdparties
2022-09-20 11:38:54,439 [INFO] ThirdPartyUpdaterWithRetryManager:96 - Updater plugin is busy. [2/15]
2022-09-20 11:38:57,180 [ERROR] LogOutputStream:74 - [STDERR_REDIRECT] SLF4J: Failed to load class "org.slf4j.impl.StaticLoggerBinder".
2022-09-20 11:38:57,181 [ERROR] LogOutputStream:74 - [STDERR_REDIRECT] SLF4J: Defaulting to no-operation (NOP) logger implementation
2022-09-20 11:38:57,182 [ERROR] LogOutputStream:74 - [STDERR_REDIRECT] SLF4J: See http://www.slf4j.org/codes.html#StaticLoggerBinder for further details.
2022-09-20 11:38:57,452 [WARN] MainUpdater:1184 - Updater busy. Cannot search thirdparties
2022-09-20 11:38:57,452 [INFO] ThirdPartyUpdaterWithRetryManager:96 - Updater plugin is busy. [3/15]
2022-09-20 11:39:00,455 [WARN] MainUpdater:1184 - Updater busy. Cannot search thirdparties
2022-09-20 11:39:00,455 [INFO] ThirdPartyUpdaterWithRetryManager:96 - Updater plugin is busy. [4/15]
2022-09-20 11:39:03,470 [WARN] MainUpdater:1184 - Updater busy. Cannot search thirdparties
2022-09-20 11:39:03,470 [INFO] ThirdPartyUpdaterWithRetryManager:96 - Updater plugin is busy. [5/15]
2022-09-20 11:39:06,474 [WARN] MainUpdater:1184 - Updater busy. Cannot search thirdparties
2022-09-20 11:39:06,474 [INFO] ThirdPartyUpdaterWithRetryManager:96 - Updater plugin is busy. [6/15]
2022-09-20 11:39:09,484 [WARN] MainUpdater:1184 - Updater busy. Cannot search thirdparties
2022-09-20 11:39:09,485 [INFO] ThirdPartyUpdaterWithRetryManager:96 - Updater plugin is busy. [7/15]
2022-09-20 11:39:12,499 [WARN] MainUpdater:1184 - Updater busy. Cannot search thirdparties
2022-09-20 11:39:12,499 [INFO] ThirdPartyUpdaterWithRetryManager:96 - Updater plugin is busy. [8/15]
2022-09-20 11:39:15,502 [WARN] MainUpdater:1184 - Updater busy. Cannot search thirdparties
2022-09-20 11:39:15,502 [INFO] ThirdPartyUpdaterWithRetryManager:96 - Updater plugin is busy. [9/15]
2022-09-20 11:39:18,512 [WARN] MainUpdater:1184 - Updater busy. Cannot search thirdparties
2022-09-20 11:39:18,512 [INFO] ThirdPartyUpdaterWithRetryManager:96 - Updater plugin is busy. [10/15]
2022-09-20 11:39:21,514 [WARN] MainUpdater:1184 - Updater busy. Cannot search thirdparties
2022-09-20 11:39:21,514 [INFO] ThirdPartyUpdaterWithRetryManager:96 - Updater plugin is busy. [11/15]
2022-09-20 11:39:23,349 [INFO] FileExtend:239 - Unzip File : cube-finder-db.zip
2022-09-20 11:39:23,350 [INFO] FileExtend:254 - Standard Zip Deflate
2022-09-20 11:39:24,010 [INFO] LoadUrlFilesThread:150 - End of LoadUrlFiles Thread
2022-09-20 11:39:24,524 [WARN] MainUpdater:1184 - Updater busy. Cannot search thirdparties
2022-09-20 11:39:24,524 [INFO] ThirdPartyUpdaterWithRetryManager:96 - Updater plugin is busy. [12/15]
2022-09-20 11:39:25,175 [INFO] ServerAccessManage:474 - Download File crdb.zip
2022-09-20 11:39:27,096 [INFO] FileExtend:239 - Unzip File : crdb.zip
2022-09-20 11:39:27,097 [INFO] FileExtend:254 - Standard Zip Deflate
2022-09-20 11:39:27,251 [INFO] LoadUrlFilesThread:150 - End of LoadUrlFiles Thread
2022-09-20 11:39:27,320 [INFO] ServerAccessManage:474 - Download File tutoVideoDB.zip
2022-09-20 11:39:27,507 [INFO] FileExtend:239 - Unzip File : tutoVideoDB.zip
2022-09-20 11:39:27,508 [INFO] FileExtend:254 - Standard Zip Deflate
2022-09-20 11:39:27,534 [WARN] MainUpdater:1184 - Updater busy. Cannot search thirdparties
2022-09-20 11:39:27,534 [INFO] ThirdPartyUpdaterWithRetryManager:96 - Updater plugin is busy. [13/15]
2022-09-20 11:39:27,633 [INFO] LoadUrlFilesThread:150 - End of LoadUrlFiles Thread
2022-09-20 11:39:27,644 [INFO] JxBrowserEngine:106 - Initiate JxBrowser Engine with user profile folder
2022-09-20 11:39:27,911 [ERROR] JxBrowserEngine:59 - Can't initiate JxBrowser engine com.teamdev.jxbrowser.engine.ChromiumBinariesExtractionException: Failed to extract Chromium binaries into C:\Users\trong\.stm32cubemx\.jxbrowser\Chromium
2022-09-20 11:39:27,912 [WARN] DbFile:40 - Overriding database path with different value: C:\Users\trong\.stmcufinder\plugins\mcufinder/ => C:\Users\trong\.stmcufinder\plugins\mcufinder
2022-09-20 11:39:27,965 [INFO] ServerAccessManage:474 - Download File api_config.json
2022-09-20 11:39:28,078 [INFO] LoadUrlFilesThread:150 - End of LoadUrlFiles Thread
2022-09-20 11:39:28,079 [INFO] DbMcusAds:52 - JSON generation date=Thu Sep 30 13:55:09 ICT 2021 (1632984909247)
2022-09-20 11:39:28,109 [INFO] LoadUrlFilesThread:177 - End of LoadServerUrlFiles without Thread
2022-09-20 11:39:28,109 [INFO] TargetSelectorAdapter:228 - Refresh data is successful
2022-09-20 11:39:28,234 [INFO] ApiDb:576 - Connected to CubeFinder SQLite database (C:\Users\trong\.stmcufinder\plugins\mcufinder\mcu\cube-finder-db.db)
2022-09-20 11:39:28,279 [INFO] ApiDb:663 - CubeFinder database Data Model version=2.1
2022-09-20 11:39:28,280 [INFO] ApiDb:664 - CubeFinder database Configuration version=3.0.32
2022-09-20 11:39:28,280 [INFO] ApiDb:665 - CubeFinder database generation date=2022-08-05 (1659688109)
2022-09-20 11:39:28,280 [INFO] ApiDb:666 - CubeFinder database FW Pack versions=[STM32Cube_FW_C0_V1.0.0, STM32Cube_FW_F4_V1.27.1, STM32Cube_FW_F7_V1.17.0, STM32Cube_FW_G0_V1.6.1, STM32Cube_FW_G4_V1.5.0, STM32Cube_FW_H7_V1.10.0, STM32Cube_FW_L5_V1.4.0, STM32Cube_FW_U5_V1.1.1, STM32Cube_FW_WB_V1.14.1, STM32Cube_FW_WL_V1.2.0, X-CUBE-ALGOBUILD_V1.3.0, X-CUBE-ALS_V1.0.1, X-CUBE-AZRTOS-F4_V1.1.0, X-CUBE-AZRTOS-F7_V1.1.0, X-CUBE-AZRTOS-G0_V1.1.0, X-CUBE-AZRTOS-G4_V1.0.0, X-CUBE-AZRTOS-H7_V2.1.0, X-CUBE-AZRTOS-L4_V1.0.0, X-CUBE-AZRTOS-L5_V1.0.0, X-CUBE-AZRTOS-WL_V1.0.0, X-CUBE-BLE1_V6.2.3, X-CUBE-BLE2_V3.3.0, X-CUBE-EEPRMA1_V3.1.1, X-CUBE-GNSS1_V6.0.0, X-CUBE-MEMS1_V9.1.0, X-CUBE-MEMS1_V9.3.0, X-CUBE-NFC4_V2.0.4, X-CUBE-NFC7_V1.0.0, X-CUBE-SFXS2LP1_V4.0.0, X-CUBE-SUBG2_V5.0.0]
2022-09-20 11:39:30,000 [INFO] ApiDb:239 - Found 138 in-development CPN: [B-WB1M-WPAN1, NUCLEO-C031C6, STEVAL-STWINBX1, STM320518-EVAL, STM32C0116-DK, STM32C011D6Y3TR, STM32C011D6Y6TR, STM32C011F4P3, STM32C011F4P6, STM32C011F4U3, STM32C011F4U6TR, STM32C011F6P3, STM32C011F6P6, STM32C011F6U3, STM32C011F6U6TR, STM32C011J4M3, STM32C011J4M6, STM32C011J6M3, STM32C011J6M6, STM32C0316-DK, STM32C031C4T3, STM32C031C4T6, STM32C031C4U3, STM32C031C4U6, STM32C031C6T3, STM32C031C6T6, STM32C031C6U3, STM32C031C6U6, STM32C031F4P3, STM32C031F4P6, STM32C031F6P3, STM32C031F6P6, STM32C031G4U3, STM32C031G4U6, STM32C031G6U3, STM32C031G6U6, STM32C031K4T3, STM32C031K4T6, STM32C031K4U3, STM32C031K4U6, STM32C031K6T3, STM32C031K6T6, STM32C031K6U3, STM32C031K6U6, STM32G071K8TXN, STM32G071K8UXN, STM32G081GBU6N, STM32G081KBT6N, STM32G081KBUXN, STM32G0B1CCT6N, STM32G0B1KCT6, STM32G0B1NEY6TR, STM32G0B1RCT6N, STM32G0C1CCT6, STM32G0C1CCT6N, STM32G0C1CCU6N, STM32G0C1CET6N, STM32G0C1CEU6N, STM32G0C1KCT6, STM32G0C1NEY6TR, STM32G0C1RCI6N, STM32G0C1RCT6N, STM32G0C1REI6N, STM32G0C1RET6N, STM32G0C1VCI6, STM32G0C1VEI6, STM32G471CCT6, STM32G471CCU6, STM32G471CET3, STM32G471CET6, STM32G471CEU3, STM32G471CEU6, STM32G471MCT6, STM32G471MET3, STM32G471MET6, STM32G471MEY6TR, STM32G471QCT6, STM32G471QET3, STM32G471RCT6, STM32G471RET3, STM32G471RET6, STM32G471VCH6, STM32G471VCI6, STM32G471VCT6, STM32G471VEH3, STM32G471VEH6, STM32G471VEI3, STM32G471VEI6, STM32G471VET3, STM32G471VET6, STM32G474CCT6, STM32L476VGY6PTR, STM32L4R5QGI6STR, STM32MP131AAE3, STM32MP131AAF3, STM32MP131AAG3, STM32MP131CAE3, STM32MP131CAF3, STM32MP131CAG3, STM32MP131DAE7, STM32MP131DAF7, STM32MP131DAG7, STM32MP131FAE7, STM32MP131FAF7, STM32MP131FAG7, STM32MP133AAE3, STM32MP133AAF3, STM32MP133AAG3, STM32MP133CAE3, STM32MP133CAF3, STM32MP133CAG3, STM32MP133DAE7, STM32MP133DAF7, STM32MP133DAG7, STM32MP133FAE7, STM32MP133FAF7, STM32MP133FAG7, STM32MP135AAE3, STM32MP135AAF3, STM32MP135AAG3, STM32MP135CAE3, STM32MP135CAF3, STM32MP135CAG3, STM32MP135DAE7, STM32MP135DAF7, STM32MP135DAG7, STM32MP135F-DK, STM32MP135FAE7, STM32MP135FAF7, STM32MP135FAG7, STM32U595ZJT6Q, STM32U599BJY6QTR, STM32U599NIH6Q, STM32U599NJH6Q, STM32U5A5ZJT6Q, STM32U5A9BJY6QTR, STM32U5A9NJH6Q, STM32WB1MMCH6]
2022-09-20 11:39:30,006 [INFO] DbMcus:215 - Found 3542 MCUs, 3542 are supported
2022-09-20 11:39:30,011 [INFO] ApiDb:418 - Load user favorites file C:\Users\trong/.stm32cubeide/favorites.mcus.txt: 0 item(s)
2022-09-20 11:39:30,011 [INFO] ApiDb:422 - User favorites MCUs=[]
2022-09-20 11:39:30,011 [INFO] DbMcus:221 - Set 0 / 0 favorites MCUs
2022-09-20 11:39:30,016 [INFO] ApiDb:663 - CubeFinder database Data Model version=2.1
2022-09-20 11:39:30,017 [INFO] ApiDb:664 - CubeFinder database Configuration version=3.0.32
2022-09-20 11:39:30,018 [INFO] ApiDb:665 - CubeFinder database generation date=2022-08-05 (1659688109)
2022-09-20 11:39:30,019 [INFO] ApiDb:666 - CubeFinder database FW Pack versions=[STM32Cube_FW_C0_V1.0.0, STM32Cube_FW_F4_V1.27.1, STM32Cube_FW_F7_V1.17.0, STM32Cube_FW_G0_V1.6.1, STM32Cube_FW_G4_V1.5.0, STM32Cube_FW_H7_V1.10.0, STM32Cube_FW_L5_V1.4.0, STM32Cube_FW_U5_V1.1.1, STM32Cube_FW_WB_V1.14.1, STM32Cube_FW_WL_V1.2.0, X-CUBE-ALGOBUILD_V1.3.0, X-CUBE-ALS_V1.0.1, X-CUBE-AZRTOS-F4_V1.1.0, X-CUBE-AZRTOS-F7_V1.1.0, X-CUBE-AZRTOS-G0_V1.1.0, X-CUBE-AZRTOS-G4_V1.0.0, X-CUBE-AZRTOS-H7_V2.1.0, X-CUBE-AZRTOS-L4_V1.0.0, X-CUBE-AZRTOS-L5_V1.0.0, X-CUBE-AZRTOS-WL_V1.0.0, X-CUBE-BLE1_V6.2.3, X-CUBE-BLE2_V3.3.0, X-CUBE-EEPRMA1_V3.1.1, X-CUBE-GNSS1_V6.0.0, X-CUBE-MEMS1_V9.1.0, X-CUBE-MEMS1_V9.3.0, X-CUBE-NFC4_V2.0.4, X-CUBE-NFC7_V1.0.0, X-CUBE-SFXS2LP1_V4.0.0, X-CUBE-SUBG2_V5.0.0]
2022-09-20 11:39:30,111 [INFO] DbBoardsSqlite:227 - include board P-NUCLEO-WB55-NUCLEO as a kit item of type 'Nucleo-64'
2022-09-20 11:39:30,111 [INFO] DbBoardsSqlite:227 - include board P-NUCLEO-WB55-USBDONGLE as a kit item of type 'Nucleo USB Dongle'
2022-09-20 11:39:30,111 [INFO] DbBoardsSqlite:227 - include board STEVAL-IDP005V1 as a kit item of type 'Evaluation Board'
2022-09-20 11:39:30,111 [INFO] DbBoardsSqlite:227 - include board STEVAL-IDP005V2 as a kit item of type 'Evaluation Board'
2022-09-20 11:39:30,120 [INFO] ApiDb:239 - Found 138 in-development CPN: [B-WB1M-WPAN1, NUCLEO-C031C6, STEVAL-STWINBX1, STM320518-EVAL, STM32C0116-DK, STM32C011D6Y3TR, STM32C011D6Y6TR, STM32C011F4P3, STM32C011F4P6, STM32C011F4U3, STM32C011F4U6TR, STM32C011F6P3, STM32C011F6P6, STM32C011F6U3, STM32C011F6U6TR, STM32C011J4M3, STM32C011J4M6, STM32C011J6M3, STM32C011J6M6, STM32C0316-DK, STM32C031C4T3, STM32C031C4T6, STM32C031C4U3, STM32C031C4U6, STM32C031C6T3, STM32C031C6T6, STM32C031C6U3, STM32C031C6U6, STM32C031F4P3, STM32C031F4P6, STM32C031F6P3, STM32C031F6P6, STM32C031G4U3, STM32C031G4U6, STM32C031G6U3, STM32C031G6U6, STM32C031K4T3, STM32C031K4T6, STM32C031K4U3, STM32C031K4U6, STM32C031K6T3, STM32C031K6T6, STM32C031K6U3, STM32C031K6U6, STM32G071K8TXN, STM32G071K8UXN, STM32G081GBU6N, STM32G081KBT6N, STM32G081KBUXN, STM32G0B1CCT6N, STM32G0B1KCT6, STM32G0B1NEY6TR, STM32G0B1RCT6N, STM32G0C1CCT6, STM32G0C1CCT6N, STM32G0C1CCU6N, STM32G0C1CET6N, STM32G0C1CEU6N, STM32G0C1KCT6, STM32G0C1NEY6TR, STM32G0C1RCI6N, STM32G0C1RCT6N, STM32G0C1REI6N, STM32G0C1RET6N, STM32G0C1VCI6, STM32G0C1VEI6, STM32G471CCT6, STM32G471CCU6, STM32G471CET3, STM32G471CET6, STM32G471CEU3, STM32G471CEU6, STM32G471MCT6, STM32G471MET3, STM32G471MET6, STM32G471MEY6TR, STM32G471QCT6, STM32G471QET3, STM32G471RCT6, STM32G471RET3, STM32G471RET6, STM32G471VCH6, STM32G471VCI6, STM32G471VCT6, STM32G471VEH3, STM32G471VEH6, STM32G471VEI3, STM32G471VEI6, STM32G471VET3, STM32G471VET6, STM32G474CCT6, STM32L476VGY6PTR, STM32L4R5QGI6STR, STM32MP131AAE3, STM32MP131AAF3, STM32MP131AAG3, STM32MP131CAE3, STM32MP131CAF3, STM32MP131CAG3, STM32MP131DAE7, STM32MP131DAF7, STM32MP131DAG7, STM32MP131FAE7, STM32MP131FAF7, STM32MP131FAG7, STM32MP133AAE3, STM32MP133AAF3, STM32MP133AAG3, STM32MP133CAE3, STM32MP133CAF3, STM32MP133CAG3, STM32MP133DAE7, STM32MP133DAF7, STM32MP133DAG7, STM32MP133FAE7, STM32MP133FAF7, STM32MP133FAG7, STM32MP135AAE3, STM32MP135AAF3, STM32MP135AAG3, STM32MP135CAE3, STM32MP135CAF3, STM32MP135CAG3, STM32MP135DAE7, STM32MP135DAF7, STM32MP135DAG7, STM32MP135F-DK, STM32MP135FAE7, STM32MP135FAF7, STM32MP135FAG7, STM32U595ZJT6Q, STM32U599BJY6QTR, STM32U599NIH6Q, STM32U599NJH6Q, STM32U5A5ZJT6Q, STM32U5A9BJY6QTR, STM32U5A9NJH6Q, STM32WB1MMCH6]
2022-09-20 11:39:30,285 [INFO] BoardInfo:879 - No configuration file found for board P-NUCLEO-WB55
2022-09-20 11:39:30,285 [INFO] DbBoards:156 - Kit is not supported: P-NUCLEO-WB55
2022-09-20 11:39:30,293 [INFO] BoardInfo:879 - No configuration file found for board STEVAL-BFA001V1B
2022-09-20 11:39:30,293 [INFO] DbBoards:156 - Kit is not supported: STEVAL-BFA001V1B
2022-09-20 11:39:30,294 [INFO] BoardInfo:879 - No configuration file found for board STEVAL-BFA001V2B
2022-09-20 11:39:30,295 [INFO] DbBoards:156 - Kit is not supported: STEVAL-BFA001V2B
2022-09-20 11:39:30,446 [INFO] DbBoards:160 - Found 176 boards, 173 are supported
2022-09-20 11:39:30,455 [INFO] ApiDb:418 - Load user favorites file C:\Users\trong/.stm32cubeide/favorites.boards.txt: 0 item(s)
2022-09-20 11:39:30,455 [INFO] ApiDb:422 - User favorites Boards=[]
2022-09-20 11:39:30,455 [INFO] DbBoards:189 - Set 0 / 0 favorites Boards
2022-09-20 11:39:30,459 [INFO] ApiDb:663 - CubeFinder database Data Model version=2.1
2022-09-20 11:39:30,459 [INFO] ApiDb:664 - CubeFinder database Configuration version=3.0.32
2022-09-20 11:39:30,459 [INFO] ApiDb:665 - CubeFinder database generation date=2022-08-05 (1659688109)
2022-09-20 11:39:30,459 [INFO] ApiDb:666 - CubeFinder database FW Pack versions=[STM32Cube_FW_C0_V1.0.0, STM32Cube_FW_F4_V1.27.1, STM32Cube_FW_F7_V1.17.0, STM32Cube_FW_G0_V1.6.1, STM32Cube_FW_G4_V1.5.0, STM32Cube_FW_H7_V1.10.0, STM32Cube_FW_L5_V1.4.0, STM32Cube_FW_U5_V1.1.1, STM32Cube_FW_WB_V1.14.1, STM32Cube_FW_WL_V1.2.0, X-CUBE-ALGOBUILD_V1.3.0, X-CUBE-ALS_V1.0.1, X-CUBE-AZRTOS-F4_V1.1.0, X-CUBE-AZRTOS-F7_V1.1.0, X-CUBE-AZRTOS-G0_V1.1.0, X-CUBE-AZRTOS-G4_V1.0.0, X-CUBE-AZRTOS-H7_V2.1.0, X-CUBE-AZRTOS-L4_V1.0.0, X-CUBE-AZRTOS-L5_V1.0.0, X-CUBE-AZRTOS-WL_V1.0.0, X-CUBE-BLE1_V6.2.3, X-CUBE-BLE2_V3.3.0, X-CUBE-EEPRMA1_V3.1.1, X-CUBE-GNSS1_V6.0.0, X-CUBE-MEMS1_V9.1.0, X-CUBE-MEMS1_V9.3.0, X-CUBE-NFC4_V2.0.4, X-CUBE-NFC7_V1.0.0, X-CUBE-SFXS2LP1_V4.0.0, X-CUBE-SUBG2_V5.0.0]
2022-09-20 11:39:30,722 [WARN] PackLoader:242 - Cannot read IP mode file for STMicroelectronics.X-CUBE-GNSS1.6.0.0
2022-09-20 11:39:30,799 [WARN] PackLoader:242 - Cannot read IP mode file for STMicroelectronics.X-CUBE-AZRTOS-F4.1.1.0
2022-09-20 11:39:30,885 [WARN] PackLoader:242 - Cannot read IP mode file for STMicroelectronics.X-CUBE-AZRTOS-F7.1.1.0
2022-09-20 11:39:30,907 [WARN] PackLoader:242 - Cannot read IP mode file for STMicroelectronics.X-CUBE-BLE1.6.2.3
2022-09-20 11:39:30,924 [WARN] PackLoader:242 - Cannot read IP mode file for STMicroelectronics.X-CUBE-NFC4.2.0.4
2022-09-20 11:39:30,957 [WARN] PackLoader:242 - Cannot read IP mode file for STMicroelectronics.X-CUBE-TOF1.3.1.0
2022-09-20 11:39:30,981 [WARN] PackLoader:242 - Cannot read IP mode file for wolfSSL.I-CUBE-wolfSSL.5.5.0
2022-09-20 11:39:30,996 [WARN] PackLoader:242 - Cannot read IP mode file for STMicroelectronics.X-CUBE-NFC7.1.0.0
2022-09-20 11:39:31,102 [WARN] PackLoader:242 - Cannot read IP mode file for STMicroelectronics.X-CUBE-MEMS1.9.3.0
2022-09-20 11:39:31,432 [WARN] PackLoader:242 - Cannot read IP mode file for STMicroelectronics.X-CUBE-AI.7.2.0
2022-09-20 11:39:31,456 [WARN] PackLoader:242 - Cannot read IP mode file for STMicroelectronics.X-CUBE-SFXS2LP1.4.0.0
2022-09-20 11:39:31,472 [WARN] PackLoader:242 - Cannot read IP mode file for STMicroelectronics.X-CUBE-BLE2.3.3.0
2022-09-20 11:39:31,495 [WARN] PackLoader:242 - Cannot read IP mode file for STMicroelectronics.X-CUBE-DISPLAY.2.2.0
2022-09-20 11:39:31,511 [WARN] PackLoader:242 - Cannot read IP mode file for STMicroelectronics.X-CUBE-ISPU.1.0.0
2022-09-20 11:39:31,532 [WARN] PackLoader:242 - Cannot read IP mode file for RoweBots.I-CUBE-UNISONRTOS.5.5.0-4
2022-09-20 11:39:31,587 [WARN] PackLoader:242 - Cannot read IP mode file for STMicroelectronics.X-CUBE-AZRTOS-H7.2.1.0
2022-09-20 11:39:31,597 [INFO] DbExamplesSqlite:374 - Ignored 31 examples not supported by CubeIDE
2022-09-20 11:39:31,598 [INFO] DbExamplesSqlite:375 - Found 6197 examples active
2022-09-20 11:39:31,598 [INFO] DbExamplesSqlite:376 - Found 89 examples obsolete
2022-09-20 11:39:31,599 [INFO] DbExamplesSqlite:377 - Found 0 examples under development
2022-09-20 11:39:31,599 [INFO] DbExamplesSqlite:378 - Found 76 examples not building
2022-09-20 11:39:31,602 [INFO] DbExamples:124 - Found 6242 examples
2022-09-20 11:39:31,608 [WARN] PackLoader:242 - Cannot read IP mode file for STMicroelectronics.X-CUBE-BLEMGR.1.0.0
2022-09-20 11:39:31,622 [INFO] DbExamples:221 - Found 77 boards with related examples
2022-09-20 11:39:31,623 [INFO] DbExamples:234 - Found 64 MCUs with related examples
2022-09-20 11:39:31,624 [WARN] PackLoader:242 - Cannot read IP mode file for STMicroelectronics.X-CUBE-ALGOBUILD.1.3.0
2022-09-20 11:39:31,645 [INFO] ApiDb:409 - User favorites file not found: C:\Users\trong/.stm32cubeide/favorites.examples.txt
2022-09-20 11:39:31,646 [INFO] DbExamples:249 - Set 0 / 0 favorites Examples
2022-09-20 11:39:31,657 [WARN] PackLoader:242 - Cannot read IP mode file for STMicroelectronics.X-CUBE-AZRTOS-G0.1.1.0
2022-09-20 11:39:31,683 [WARN] PackLoader:242 - Cannot read IP mode file for STMicroelectronics.X-CUBE-SUBG2.5.0.0
2022-09-20 11:39:31,796 [WARN] PackLoader:242 - Cannot read IP mode file for SEGGER.I-CUBE-embOS.1.2.0
2022-09-20 11:39:31,865 [WARN] PackLoader:242 - Cannot read IP mode file for STMicroelectronics.FP-ATR-ASTRA1.1.1.1
2022-09-20 11:39:31,915 [WARN] PackLoader:242 - Cannot read IP mode file for STMicroelectronics.X-CUBE-AZRTOS-G4.1.0.0
2022-09-20 11:39:31,959 [WARN] PackLoader:242 - Cannot read IP mode file for STMicroelectronics.X-CUBE-AZRTOS-L4.1.0.0
2022-09-20 11:39:31,991 [WARN] PackLoader:242 - Cannot read IP mode file for emotas.I-CUBE-CANOPEN.1.1.2
2022-09-20 11:39:32,020 [WARN] PackLoader:242 - Cannot read IP mode file for STMicroelectronics.X-CUBE-TOUCHGFX.4.20.0
2022-09-20 11:39:32,046 [WARN] PackLoader:242 - Cannot read IP mode file for STMicroelectronics.X-CUBE-AZRTOS-WL.1.0.0
2022-09-20 11:39:32,061 [WARN] PackLoader:242 - Cannot read IP mode file for portGmbH.I-Cube-SoM-uGOAL.1.1.0
2022-09-20 11:39:32,078 [WARN] PackLoader:242 - Cannot read IP mode file for STMicroelectronics.X-CUBE-ALS.1.0.1
2022-09-20 11:39:32,113 [WARN] PackLoader:242 - Cannot read IP mode file for STMicroelectronics.X-CUBE-AZRTOS-L5.1.0.0
2022-09-20 11:39:32,120 [INFO] McuFinderGlobals:57 - Set McuFinderConnectedMode to true
2022-09-20 11:39:32,131 [INFO] MultiScanPanel:195 - Auto-refresh data requested => check proxy status ongoing
2022-09-20 11:39:32,134 [WARN] PackLoader:242 - Cannot read IP mode file for STMicroelectronics.X-CUBE-EEPRMA1.3.1.1
2022-09-20 11:39:32,137 [INFO] ThirdParty:929 - Integrity check success = true
2022-09-20 11:39:32,137 [INFO] IntegrityCheckThread:98 - exiting critical section [integrity check]
2022-09-20 11:39:32,137 [INFO] IntegrityCheckThread:101 - End integrity checks thread
2022-09-20 11:39:32,149 [INFO] FinderPluginLoader:92 - Searching for filters in installed packs
2022-09-20 11:39:33,676 [INFO] LoadUrlFilesThread:177 - End of LoadServerUrlFiles without Thread
2022-09-20 11:39:33,688 [INFO] DetailPanel:339 - Set advertising image to C:/Users/trong/STM32Cube/Repository/\en.Prom_NBSTM32U50921.jpg
2022-09-20 11:39:34,364 [INFO] ToolPreferences:109 - Table McuList, key=mcufinder_cubeide.mculist: column name not found=IO
2022-09-20 11:39:34,364 [INFO] ToolPreferences:109 - Table McuList, key=mcufinder_cubeide.mculist: column name not found=Freq.
2022-09-20 11:40:38,102 [INFO] McuFinderGlobals:57 - Set McuFinderConnectedMode to true
2022-09-20 11:40:38,104 [INFO] ApiDb:443 - Save user favorites file C:\Users\trong/.stm32cubeide/favorites.mcus.txt: 0 item(s)
2022-09-20 11:40:38,105 [INFO] ApiDb:447 - User favorites MCUs=[]
2022-09-20 11:41:27,131 [INFO] MainUpdater:2768 - connection check result : 10
2022-09-20 11:41:27,262 [INFO] McuFinderGlobals:57 - Set McuFinderConnectedMode to true
2022-09-20 11:41:27,262 [INFO] MultiScanPanel:195 - Auto-refresh data requested => check proxy status ongoing
2022-09-20 11:41:27,263 [INFO] FinderPluginLoader:92 - Searching for filters in installed packs
2022-09-20 11:41:27,799 [INFO] LoadUrlFilesThread:177 - End of LoadServerUrlFiles without Thread
2022-09-20 11:41:27,799 [INFO] DetailPanel:339 - Set advertising image to C:/Users/trong/STM32Cube/Repository/\en.Prom_NBSTM32U50921.jpg
2022-09-20 11:41:28,166 [INFO] ToolPreferences:109 - Table McuList, key=mcufinder_cubeide.mculist: column name not found=IO
2022-09-20 11:41:28,167 [INFO] ToolPreferences:109 - Table McuList, key=mcufinder_cubeide.mculist: column name not found=Freq.
2022-09-20 11:41:28,168 [INFO] ApiDb:576 - Connected to CubeFinder SQLite database (C:\Users\trong\.stmcufinder\plugins\mcufinder\mcu\cube-finder-db.db)
2022-09-20 11:41:28,194 [INFO] ApiDb:663 - CubeFinder database Data Model version=2.1
2022-09-20 11:41:28,195 [INFO] ApiDb:664 - CubeFinder database Configuration version=3.0.32
2022-09-20 11:41:28,195 [INFO] ApiDb:665 - CubeFinder database generation date=2022-08-05 (1659688109)
2022-09-20 11:41:28,195 [INFO] ApiDb:666 - CubeFinder database FW Pack versions=[STM32Cube_FW_C0_V1.0.0, STM32Cube_FW_F4_V1.27.1, STM32Cube_FW_F7_V1.17.0, STM32Cube_FW_G0_V1.6.1, STM32Cube_FW_G4_V1.5.0, STM32Cube_FW_H7_V1.10.0, STM32Cube_FW_L5_V1.4.0, STM32Cube_FW_U5_V1.1.1, STM32Cube_FW_WB_V1.14.1, STM32Cube_FW_WL_V1.2.0, X-CUBE-ALGOBUILD_V1.3.0, X-CUBE-ALS_V1.0.1, X-CUBE-AZRTOS-F4_V1.1.0, X-CUBE-AZRTOS-F7_V1.1.0, X-CUBE-AZRTOS-G0_V1.1.0, X-CUBE-AZRTOS-G4_V1.0.0, X-CUBE-AZRTOS-H7_V2.1.0, X-CUBE-AZRTOS-L4_V1.0.0, X-CUBE-AZRTOS-L5_V1.0.0, X-CUBE-AZRTOS-WL_V1.0.0, X-CUBE-BLE1_V6.2.3, X-CUBE-BLE2_V3.3.0, X-CUBE-EEPRMA1_V3.1.1, X-CUBE-GNSS1_V6.0.0, X-CUBE-MEMS1_V9.1.0, X-CUBE-MEMS1_V9.3.0, X-CUBE-NFC4_V2.0.4, X-CUBE-NFC7_V1.0.0, X-CUBE-SFXS2LP1_V4.0.0, X-CUBE-SUBG2_V5.0.0]
2022-09-20 11:41:28,971 [INFO] DbExamplesSqlite:374 - Ignored 31 examples not supported by CubeIDE
2022-09-20 11:41:28,972 [INFO] DbExamplesSqlite:375 - Found 6197 examples active
2022-09-20 11:41:28,972 [INFO] DbExamplesSqlite:376 - Found 89 examples obsolete
2022-09-20 11:41:28,972 [INFO] DbExamplesSqlite:377 - Found 0 examples under development
2022-09-20 11:41:28,972 [INFO] DbExamplesSqlite:378 - Found 76 examples not building
2022-09-20 11:41:28,973 [INFO] DbExamples:124 - Found 6242 examples
2022-09-20 11:41:28,981 [INFO] DbExamples:221 - Found 77 boards with related examples
2022-09-20 11:41:28,982 [INFO] DbExamples:234 - Found 64 MCUs with related examples
2022-09-20 11:41:28,994 [INFO] ApiDb:409 - User favorites file not found: C:\Users\trong/.stm32cubeide/favorites.examples.txt
2022-09-20 11:41:28,994 [INFO] DbExamples:249 - Set 0 / 0 favorites Examples
2022-09-20 11:41:29,440 [INFO] MultiScanPanel:778 - Auto Refresh Data is not needed
2022-09-20 11:41:38,540 [INFO] MultiScanPanel:195 - Auto-refresh data requested => check proxy status ongoing
2022-09-20 11:41:38,677 [INFO] LoadUrlFilesThread:177 - End of LoadServerUrlFiles without Thread
2022-09-20 11:41:38,678 [INFO] DetailPanel:339 - Set advertising image to C:/Users/trong/STM32Cube/Repository/\en.Prom_NBSTM32U50921.jpg
2022-09-20 11:41:38,689 [INFO] DbBoards:628 - Loading board mini-images...
2022-09-20 11:41:38,850 [ERROR] DbBoards:648 - No image file defined for board B-WB1M-WPAN1
2022-09-20 11:41:38,850 [ERROR] DbBoards:648 - No image file defined for board NUCLEO-C031C6
2022-09-20 11:41:40,139 [ERROR] DbBoards:648 - No image file defined for board STEVAL-STWINBX1
2022-09-20 11:41:40,201 [ERROR] DbBoards:648 - No image file defined for board STM32091C-EVAL
2022-09-20 11:41:40,202 [ERROR] DbBoards:648 - No image file defined for board STM32100E-EVAL
2022-09-20 11:41:40,202 [ERROR] DbBoards:648 - No image file defined for board STM3210C-EVAL
2022-09-20 11:41:40,223 [ERROR] DbBoards:648 - No image file defined for board STM3221G-EVAL
2022-09-20 11:41:40,223 [ERROR] DbBoards:648 - No image file defined for board STM32303C-EVAL
2022-09-20 11:41:40,346 [ERROR] DbBoards:648 - No image file defined for board STM32479I-EVAL
2022-09-20 11:41:40,347 [ERROR] DbBoards:648 - No image file defined for board STM32746G-EVAL2
2022-09-20 11:41:40,358 [ERROR] DbBoards:648 - No image file defined for board STM32C0116-DK
2022-09-20 11:41:40,358 [ERROR] DbBoards:648 - No image file defined for board STM32C0316-DK
2022-09-20 11:41:40,413 [ERROR] DbBoards:648 - No image file defined for board STM32F401C-DISCO
2022-09-20 11:41:40,497 [ERROR] DbBoards:648 - No image file defined for board STM32F7308-DK
2022-09-20 11:41:40,555 [ERROR] DbBoards:648 - No image file defined for board STM32F779I-EVAL
2022-09-20 11:41:40,762 [ERROR] DbBoards:648 - No image file defined for board STM32H747I-EVAL
2022-09-20 11:41:40,838 [ERROR] DbBoards:648 - No image file defined for board STM32L-DISCOVERY
2022-09-20 11:41:40,902 [ERROR] DbBoards:648 - No image file defined for board STM32L152D-EVAL
2022-09-20 11:41:41,078 [ERROR] DbBoards:648 - No image file defined for board STM32MP135F-DK
2022-09-20 11:41:41,295 [INFO] DbBoards:651 - Loaded 157 board mini-images
2022-09-20 11:41:41,323 [INFO] MultiScanPanel:778 - Auto Refresh Data is not needed
2022-09-20 11:44:22,508 [INFO] MainUpdater:2768 - connection check result : 10
2022-09-20 11:44:22,509 [INFO] MainUpdater:2768 - connection check result : 10
2022-09-20 11:44:22,563 [INFO] MicroXplorer:451 - Change Database Path : 
2022-09-20 11:44:22,563 [INFO] MicroXplorer:481 - Change Database Version : DB.6.0.60
2022-09-20 11:44:22,563 [WARN] ThirdParty:827 - waiting for thirdparty lock release [close project]
2022-09-20 11:44:22,563 [INFO] ThirdParty:829 - entering critical section [close project]
2022-09-20 11:44:22,564 [INFO] ThirdParty:839 - exiting critical section [close project]
2022-09-20 11:44:22,568 [INFO] PinOutPanel:1468 - setPackage(No Configuration,No Configuration)
2022-09-20 11:44:22,573 [INFO] UtilMem:74 - Begin LoadConfig() Used Memory: 542323352 Bytes (619708416)
2022-09-20 11:44:22,574 [INFO] MicroXplorer:451 - Change Database Path : 
2022-09-20 11:44:22,574 [INFO] MicroXplorer:481 - Change Database Version : DB.6.0.60
2022-09-20 11:44:22,574 [INFO] OpenFileManager:307 - Change cursor
2022-09-20 11:44:22,614 [INFO] Mcu:1922 - Initializing MCU STM32F103C6Ux STM32F103C6Ux 
2022-09-20 11:44:22,614 [INFO] Mcu:1935 - No CPN specified => set CPN to STM32F103C6U6A
2022-09-20 11:44:23,552 [INFO] Context:654 - Trying to add GPIOservice into a context  which must be forbidden
2022-09-20 11:44:23,832 [INFO] ImportTextPane:193 - (OptionalMessage_ERROR) Unable to find key (Mcu.ThirdPartyNb) in loaded IOC file
2022-09-20 11:44:23,832 [INFO] ImportTextPane:193 - (OptionalMessage_ERROR) Unable to find key (Mcu.PinsNb) in loaded IOC file
2022-09-20 11:44:23,832 [INFO] ImportTextPane:193 - (OptionalMessage_ERROR) Unable to find key (Mcu.IPNb) in loaded IOC file
2022-09-20 11:44:23,905 [WARN] ApiManager:308 - Cannot register API 'Board Extension:GNSS1A1' from pack STMicroelectronics.X-CUBE-GNSS1.6.0.0: no header file found
2022-09-20 11:44:23,906 [WARN] ApiManager:308 - Cannot register API 'Board Support:Custom' from pack STMicroelectronics.X-CUBE-GNSS1.6.0.0: no header file found
2022-09-20 11:44:23,906 [WARN] ApiManager:308 - Cannot register API 'Data Exchange:lib_gnss' from pack STMicroelectronics.X-CUBE-GNSS1.6.0.0: no header file found
2022-09-20 11:44:23,920 [WARN] ApiManager:308 - Cannot register API 'Wireless:BlueNRG-MS' from pack STMicroelectronics.X-CUBE-BLE1.6.2.3: no header file found
2022-09-20 11:44:23,923 [INFO] RtosManager:488 - Registered RTOS mode: class=CMSIS, group=RTOS, mode=CMSIS_V1, owner=FREERTOS
2022-09-20 11:44:23,923 [INFO] RtosManager:488 - Registered RTOS mode: class=CMSIS, group=RTOS2, mode=CMSIS_V2, owner=FREERTOS
2022-09-20 11:44:23,923 [INFO] RtosManager:488 - Registered RTOS mode: class=RTOS, group=Core, mode=CMSIS_V1, owner=FREERTOS
2022-09-20 11:44:23,923 [INFO] RtosManager:488 - Registered RTOS mode: class=RTOS, group=Core, mode=CMSIS_V2, owner=FREERTOS
2022-09-20 11:44:23,924 [WARN] ModelIntegratedComponent:185 - Missing modes for component STMicroelectronics:FreeRTOS:0.0.1:STMicroelectronics:RTOS:FreeRTOS:Core:::10.2.0:
2022-09-20 11:44:23,933 [WARN] ApiManager:308 - Cannot register API 'Board Extension:S2868A1' from pack STMicroelectronics.X-CUBE-SUBG2.5.0.0: no header file found
2022-09-20 11:44:23,933 [WARN] ApiManager:308 - Cannot register API 'Board Extension:S2868A2' from pack STMicroelectronics.X-CUBE-SUBG2.5.0.0: no header file found
2022-09-20 11:44:23,933 [WARN] ApiManager:308 - Cannot register API 'Board Extension:S2915A1' from pack STMicroelectronics.X-CUBE-SUBG2.5.0.0: no header file found
2022-09-20 11:44:23,941 [WARN] ApiManager:308 - Cannot register API 'Board Extension:NFC04A1' from pack STMicroelectronics.X-CUBE-NFC4.2.0.4: no header file found
2022-09-20 11:44:23,952 [WARN] ModelIntegratedComponent:64 - No mode defined for component null
2022-09-20 11:44:23,953 [WARN] ModelIntegratedComponent:64 - No mode defined for component null
2022-09-20 11:44:23,953 [WARN] ModelIntegratedComponent:64 - No mode defined for component null
2022-09-20 11:44:23,953 [WARN] ModelIntegratedComponent:64 - No mode defined for component null
2022-09-20 11:44:23,953 [WARN] ModelIntegratedComponent:64 - No mode defined for component null
2022-09-20 11:44:23,953 [WARN] ModelIntegratedComponent:64 - No mode defined for component null
2022-09-20 11:44:23,953 [WARN] ModelIntegratedComponent:64 - No mode defined for component null
2022-09-20 11:44:23,953 [WARN] ModelIntegratedComponent:64 - No mode defined for component null
2022-09-20 11:44:23,953 [WARN] ModelIntegratedComponent:64 - No mode defined for component null
2022-09-20 11:44:23,953 [WARN] ModelIntegratedComponent:64 - No mode defined for component null
2022-09-20 11:44:23,953 [WARN] ModelIntegratedComponent:64 - No mode defined for component null
2022-09-20 11:44:23,954 [WARN] ModelIntegratedComponent:64 - No mode defined for component null
2022-09-20 11:44:23,954 [WARN] ModelIntegratedComponent:64 - No mode defined for component null
2022-09-20 11:44:23,954 [WARN] ModelIntegratedComponent:64 - No mode defined for component null
2022-09-20 11:44:23,954 [WARN] ModelIntegratedComponent:64 - No mode defined for component null
2022-09-20 11:44:23,954 [WARN] ModelIntegratedComponent:64 - No mode defined for component null
2022-09-20 11:44:23,954 [WARN] ModelIntegratedComponent:64 - No mode defined for component null
2022-09-20 11:44:23,954 [WARN] ModelIntegratedComponent:64 - No mode defined for component null
2022-09-20 11:44:23,954 [WARN] ModelIntegratedComponent:64 - No mode defined for component null
2022-09-20 11:44:23,954 [WARN] ModelIntegratedComponent:64 - No mode defined for component null
2022-09-20 11:44:23,954 [WARN] ModelIntegratedComponent:64 - No mode defined for component null
2022-09-20 11:44:23,954 [WARN] ModelIntegratedComponent:64 - No mode defined for component null
2022-09-20 11:44:23,954 [WARN] ModelIntegratedComponent:64 - No mode defined for component null
2022-09-20 11:44:23,954 [WARN] ModelIntegratedComponent:64 - No mode defined for component null
2022-09-20 11:44:23,955 [WARN] ModelIntegratedComponent:64 - No mode defined for component null
2022-09-20 11:44:23,955 [WARN] ModelIntegratedComponent:64 - No mode defined for component null
2022-09-20 11:44:23,955 [WARN] ModelIntegratedComponent:64 - No mode defined for component null
2022-09-20 11:44:23,955 [WARN] ModelIntegratedComponent:64 - No mode defined for component null
2022-09-20 11:44:23,955 [WARN] ModelIntegratedComponent:64 - No mode defined for component null
2022-09-20 11:44:23,955 [WARN] ModelIntegratedComponent:64 - No mode defined for component null
2022-09-20 11:44:23,955 [WARN] ModelIntegratedComponent:64 - No mode defined for component null
2022-09-20 11:44:23,955 [WARN] ModelIntegratedComponent:64 - No mode defined for component null
2022-09-20 11:44:23,955 [WARN] ModelIntegratedComponent:64 - No mode defined for component null
2022-09-20 11:44:23,958 [WARN] ApiManager:308 - Cannot register API 'Board Extension:NFC07A1' from pack STMicroelectronics.X-CUBE-NFC7.1.0.0: no header file found
2022-09-20 11:44:24,092 [WARN] ApiManager:308 - Cannot register API 'Board Extension:IKS01A3' from pack STMicroelectronics.X-CUBE-MEMS1.9.3.0: no header file found
2022-09-20 11:44:24,092 [WARN] ApiManager:308 - Cannot register API 'Board Extension:IKS01A2' from pack STMicroelectronics.X-CUBE-MEMS1.9.3.0: no header file found
2022-09-20 11:44:24,092 [WARN] ApiManager:308 - Cannot register API 'Board Extension:IKS02A1' from pack STMicroelectronics.X-CUBE-MEMS1.9.3.0: no header file found
2022-09-20 11:44:24,104 [WARN] ApiManager:308 - Cannot register API 'Board Extension:EEPRMA1' from pack STMicroelectronics.X-CUBE-EEPRMA1.3.1.1: no header file found
2022-09-20 11:44:24,104 [WARN] ApiManager:308 - Cannot register API 'Board Extension:EEPRMA2' from pack STMicroelectronics.X-CUBE-EEPRMA1.3.1.1: no header file found
2022-09-20 11:44:24,105 [WARN] ApiManager:308 - Cannot register API 'Board Extension:S2868A1' from pack STMicroelectronics.X-CUBE-SFXS2LP1.4.0.0: no header file found
2022-09-20 11:44:24,105 [WARN] ApiManager:308 - Cannot register API 'Board Extension:S2868A2' from pack STMicroelectronics.X-CUBE-SFXS2LP1.4.0.0: no header file found
2022-09-20 11:44:24,106 [WARN] ApiManager:308 - Cannot register API 'Board Extension:S2915A1' from pack STMicroelectronics.X-CUBE-SFXS2LP1.4.0.0: no header file found
2022-09-20 11:44:24,107 [WARN] ApiManager:308 - Cannot register API 'Wireless:BlueNRG-2' from pack STMicroelectronics.X-CUBE-BLE2.3.3.0: no header file found
2022-09-20 11:44:24,115 [INFO] ThirdPartyModel:289 - Start build external matchings
2022-09-20 11:44:24,380 [INFO] ThirdPartyModel:302 - End build external matchings
2022-09-20 11:44:24,601 [INFO] UtilMem:74 - End LoadConfig() Used Memory: 550216280 Bytes (619708416)
2022-09-20 11:44:24,632 [WARN] ThirdParty:789 - waiting for thirdparty lock release [change project]
2022-09-20 11:44:24,633 [INFO] ThirdParty:791 - entering critical section [change project]
2022-09-20 11:44:24,633 [INFO] ThirdParty:981 - CMSIS Pack Vendor :RoweBots I-CUBE-UNISONRTOS 5.5.0-4
2022-09-20 11:44:24,633 [INFO] ThirdParty:981 - CMSIS Pack Vendor :STMicroelectronics X-CUBE-GNSS1 6.0.0
2022-09-20 11:44:24,633 [INFO] ThirdParty:981 - CMSIS Pack Vendor :STMicroelectronics X-CUBE-AZRTOS-H7 2.1.0
2022-09-20 11:44:24,633 [INFO] ThirdParty:981 - CMSIS Pack Vendor :STMicroelectronics USB_HOST 2.0.0
2022-09-20 11:44:24,633 [INFO] ThirdParty:981 - CMSIS Pack Vendor :STMicroelectronics X-CUBE-AZRTOS-F4 1.1.0
2022-09-20 11:44:24,633 [INFO] ThirdParty:981 - CMSIS Pack Vendor :STMicroelectronics LIBJPEG 8.0.0
2022-09-20 11:44:24,633 [INFO] ThirdParty:981 - CMSIS Pack Vendor :STMicroelectronics USB_DEVICE 3.0.0
2022-09-20 11:44:24,633 [INFO] ThirdParty:981 - CMSIS Pack Vendor :STMicroelectronics X-CUBE-BLEMGR 1.0.0
2022-09-20 11:44:24,634 [INFO] ThirdParty:981 - CMSIS Pack Vendor :STMicroelectronics X-CUBE-AZRTOS-F7 1.1.0
2022-09-20 11:44:24,634 [INFO] ThirdParty:981 - CMSIS Pack Vendor :STMicroelectronics USB_DEVICE 2.0.0
2022-09-20 11:44:24,634 [INFO] ThirdParty:981 - CMSIS Pack Vendor :STMicroelectronics X-CUBE-BLE1 6.2.3
2022-09-20 11:44:24,634 [INFO] ThirdParty:981 - CMSIS Pack Vendor :STMicroelectronics X-CUBE-ALGOBUILD 1.3.0
2022-09-20 11:44:24,634 [INFO] ThirdParty:981 - CMSIS Pack Vendor :STMicroelectronics FreeRTOS 0.0.1
2022-09-20 11:44:24,634 [INFO] ThirdParty:981 - CMSIS Pack Vendor :STMicroelectronics X-CUBE-AZRTOS-G0 1.1.0
2022-09-20 11:44:24,634 [INFO] ThirdParty:981 - CMSIS Pack Vendor :STMicroelectronics X-CUBE-SUBG2 5.0.0
2022-09-20 11:44:24,634 [INFO] ThirdParty:981 - CMSIS Pack Vendor :SEGGER I-CUBE-embOS 1.2.0
2022-09-20 11:44:24,634 [INFO] ThirdParty:981 - CMSIS Pack Vendor :STMicroelectronics STM32_WPAN 1.0.0
2022-09-20 11:44:24,634 [INFO] ThirdParty:981 - CMSIS Pack Vendor :STMicroelectronics lwIP 2.0.3
2022-09-20 11:44:24,634 [INFO] ThirdParty:981 - CMSIS Pack Vendor :STMicroelectronics X-CUBE-NFC4 2.0.4
2022-09-20 11:44:24,634 [INFO] ThirdParty:981 - CMSIS Pack Vendor :STMicroelectronics USB_HOST 1.0.0
2022-09-20 11:44:24,634 [INFO] ThirdParty:981 - CMSIS Pack Vendor :STMicroelectronics PDM2PCM 3.1.0
2022-09-20 11:44:24,634 [INFO] ThirdParty:981 - CMSIS Pack Vendor :STMicroelectronics FP-ATR-ASTRA1 1.1.1
2022-09-20 11:44:24,634 [INFO] ThirdParty:981 - CMSIS Pack Vendor :STMicroelectronics PDM2PCM 3.3.0
2022-09-20 11:44:24,634 [INFO] ThirdParty:981 - CMSIS Pack Vendor :STMicroelectronics X-CUBE-TOF1 3.1.0
2022-09-20 11:44:24,635 [INFO] ThirdParty:981 - CMSIS Pack Vendor :STMicroelectronics X-CUBE-AZRTOS-G4 1.0.0
2022-09-20 11:44:24,635 [INFO] ThirdParty:981 - CMSIS Pack Vendor :STMicroelectronics X-CUBE-AZRTOS-L4 1.0.0
2022-09-20 11:44:24,635 [INFO] ThirdParty:981 - CMSIS Pack Vendor :wolfSSL I-CUBE-wolfSSL 5.5.0
2022-09-20 11:44:24,635 [INFO] ThirdParty:981 - CMSIS Pack Vendor :STMicroelectronics HAL Drivers 0.0.0
2022-09-20 11:44:24,635 [INFO] ThirdParty:981 - CMSIS Pack Vendor :STMicroelectronics MBEDTLS 2.16.2
2022-09-20 11:44:24,635 [INFO] ThirdParty:981 - CMSIS Pack Vendor :emotas I-CUBE-CANOPEN 1.1.2
2022-09-20 11:44:24,635 [INFO] ThirdParty:981 - CMSIS Pack Vendor :STMicroelectronics X-CUBE-TOUCHGFX 4.20.0
2022-09-20 11:44:24,635 [INFO] ThirdParty:981 - CMSIS Pack Vendor :STMicroelectronics MBEDTLS 2.14.1
2022-09-20 11:44:24,635 [INFO] ThirdParty:981 - CMSIS Pack Vendor :STMicroelectronics X-CUBE-NFC7 1.0.0
2022-09-20 11:44:24,635 [INFO] ThirdParty:981 - CMSIS Pack Vendor :STMicroelectronics X-CUBE-AZRTOS-WL 1.0.0
2022-09-20 11:44:24,635 [INFO] ThirdParty:981 - CMSIS Pack Vendor :STMicroelectronics X-CUBE-MEMS1 9.3.0
2022-09-20 11:44:24,635 [INFO] ThirdParty:981 - CMSIS Pack Vendor :portGmbH I-Cube-SoM-uGOAL 1.1.0
2022-09-20 11:44:24,635 [INFO] ThirdParty:981 - CMSIS Pack Vendor :STMicroelectronics X-CUBE-ALS 1.0.1
2022-09-20 11:44:24,635 [INFO] ThirdParty:981 - CMSIS Pack Vendor :STMicroelectronics X-CUBE-AI 7.2.0
2022-09-20 11:44:24,635 [INFO] ThirdParty:981 - CMSIS Pack Vendor :STMicroelectronics ThreadX 1.0.0
2022-09-20 11:44:24,635 [INFO] ThirdParty:981 - CMSIS Pack Vendor :STMicroelectronics X-CUBE-AZRTOS-L5 1.0.0
2022-09-20 11:44:24,635 [INFO] ThirdParty:981 - CMSIS Pack Vendor :STMicroelectronics USB_DEVICE 1.0.0
2022-09-20 11:44:24,635 [INFO] ThirdParty:981 - CMSIS Pack Vendor :STMicroelectronics X-CUBE-EEPRMA1 3.1.1
2022-09-20 11:44:24,635 [INFO] ThirdParty:981 - CMSIS Pack Vendor :STMicroelectronics ThreadX 0.0.2
2022-09-20 11:44:24,636 [INFO] ThirdParty:981 - CMSIS Pack Vendor :STMicroelectronics lwIP 2.1.2
2022-09-20 11:44:24,636 [INFO] ThirdParty:981 - CMSIS Pack Vendor :STMicroelectronics X-CUBE-SFXS2LP1 4.0.0
2022-09-20 11:44:24,636 [INFO] ThirdParty:981 - CMSIS Pack Vendor :STMicroelectronics X-CUBE-BLE2 3.3.0
2022-09-20 11:44:24,636 [INFO] ThirdParty:981 - CMSIS Pack Vendor :STMicroelectronics X-CUBE-DISPLAY 2.2.0
2022-09-20 11:44:24,636 [INFO] ThirdParty:981 - CMSIS Pack Vendor :STMicroelectronics PDM2PCM 3.2.0
2022-09-20 11:44:24,636 [INFO] ThirdParty:981 - CMSIS Pack Vendor :STMicroelectronics X-CUBE-ISPU 1.0.0
2022-09-20 11:44:24,636 [INFO] ThirdParty:797 - exiting critical section [change project]
2022-09-20 11:44:24,901 [INFO] PinOutPanel:1468 - setPackage(No Configuration,No Configuration)
2022-09-20 11:44:24,903 [INFO] PinOutPanel:1468 - setPackage(STM32F103C6Ux,UFQFPN48)
2022-09-20 11:44:25,458 [INFO] UtilMem:74 - Before build in PCC Used Memory: 556672248 Bytes (619708416)
2022-09-20 11:44:26,328 [INFO] UtilMem:74 - After build in PCC Used Memory: 557988856 Bytes (619708416)
2022-09-20 11:44:26,356 [INFO] IPUIPlugin:79 - create IPUIPlugin
2022-09-20 11:44:26,356 [INFO] IPUIPlugin:79 - create IPUIPlugin
2022-09-20 11:44:26,356 [INFO] IPUIPlugin:79 - create IPUIPlugin
2022-09-20 11:44:26,357 [INFO] IPUIPlugin:79 - create IPUIPlugin
2022-09-20 11:44:26,357 [INFO] IPUIPlugin:79 - create IPUIPlugin
2022-09-20 11:44:26,357 [INFO] IPUIPlugin:79 - create IPUIPlugin
2022-09-20 11:44:26,357 [INFO] IPUIPlugin:79 - create IPUIPlugin
2022-09-20 11:44:26,357 [INFO] IPUIPlugin:79 - create IPUIPlugin
2022-09-20 11:44:26,358 [INFO] IPUIPlugin:79 - create IPUIPlugin
2022-09-20 11:44:26,358 [INFO] IPUIPlugin:79 - create IPUIPlugin
2022-09-20 11:44:26,358 [INFO] IPUIPlugin:79 - create IPUIPlugin
2022-09-20 11:44:26,359 [INFO] IPUIPlugin:79 - create IPUIPlugin
2022-09-20 11:44:26,359 [INFO] IPUIPlugin:79 - create IPUIPlugin
2022-09-20 11:44:26,360 [INFO] IPUIPlugin:79 - create IPUIPlugin
2022-09-20 11:44:26,360 [INFO] IPUIPlugin:79 - create IPUIPlugin
2022-09-20 11:44:26,360 [INFO] IPUIPlugin:79 - create IPUIPlugin
2022-09-20 11:44:26,361 [INFO] IPUIPlugin:79 - create IPUIPlugin
2022-09-20 11:44:26,361 [INFO] IPUIPlugin:79 - create IPUIPlugin
2022-09-20 11:44:26,361 [INFO] IPUIPlugin:79 - create IPUIPlugin
2022-09-20 11:44:26,362 [INFO] IPUIPlugin:79 - create IPUIPlugin
2022-09-20 11:44:26,362 [INFO] IPUIPlugin:79 - create IPUIPlugin
2022-09-20 11:44:26,362 [INFO] IPUIPlugin:79 - create IPUIPlugin
2022-09-20 11:44:26,363 [INFO] IPUIPlugin:79 - create IPUIPlugin
2022-09-20 11:44:26,660 [INFO] OpenFileManager:327 - Restore cursor
2022-09-20 11:44:27,591 [INFO] UtilMem:74 - End SaveConfig() Used Memory: 571542528 Bytes (619708416)
2022-09-20 11:44:27,653 [INFO] UtilMem:74 - End SaveConfig() Used Memory: 554678128 Bytes (619708416)
2022-09-20 11:44:28,236 [INFO] BlockDiagram:2753 - set Specific Code input for plugin: NVIC
2022-09-20 11:44:28,236 [INFO] BlockDiagram:2753 - set Specific Code input for plugin: RCC
2022-09-20 11:44:28,238 [INFO] CodeGenerator:690 - code generatio: config db path: C:\ST\STM32CubeIDE_1.7.0\STM32CubeIDE\plugins\com.st.stm32cube.common.mx_6.6.1.202207061420\\db\
2022-09-20 11:44:28,673 [INFO] CodeEngine:245 - oldGeneratedFile, C:\Hoc tap\VXL\STM32\Lab1\bai2\bai2\MXTmpFiles\license.tmp_save
2022-09-20 11:44:29,181 [INFO] CodeEngine:269 - Generated code: C:\Hoc tap\VXL\STM32\Lab1\bai2\bai2\MXTmpFiles\license.tmp
2022-09-20 11:44:29,206 [INFO] CodeEngine:245 - oldGeneratedFile, C:\Hoc tap\VXL\STM32\Lab1\bai2\bai2\Core\Src\stm32f1xx_it.c_save
2022-09-20 11:44:29,363 [INFO] CodeEngine:269 - Generated code: C:\Hoc tap\VXL\STM32\Lab1\bai2\bai2\Core\Src\stm32f1xx_it.c
2022-09-20 11:44:29,373 [INFO] CodeEngine:245 - oldGeneratedFile, C:\Hoc tap\VXL\STM32\Lab1\bai2\bai2\Core\Inc\stm32f1xx_it.h_save
2022-09-20 11:44:29,480 [INFO] CodeEngine:269 - Generated code: C:\Hoc tap\VXL\STM32\Lab1\bai2\bai2\Core\Inc\stm32f1xx_it.h
2022-09-20 11:44:29,612 [INFO] CodeEngine:245 - oldGeneratedFile, C:\Hoc tap\VXL\STM32\Lab1\bai2\bai2\Core\Src\stm32f1xx_hal_msp.c_save
2022-09-20 11:44:29,765 [INFO] CodeEngine:269 - Generated code: C:\Hoc tap\VXL\STM32\Lab1\bai2\bai2\Core\Src\stm32f1xx_hal_msp.c
2022-09-20 11:44:29,775 [INFO] CodeEngine:245 - oldGeneratedFile, C:\Hoc tap\VXL\STM32\Lab1\bai2\bai2\MXTmpFiles\system.tmp_save
2022-09-20 11:44:29,856 [INFO] CodeEngine:269 - Generated code: C:\Hoc tap\VXL\STM32\Lab1\bai2\bai2\MXTmpFiles\system.tmp
2022-09-20 11:44:29,874 [INFO] CodeEngine:245 - oldGeneratedFile, C:\Hoc tap\VXL\STM32\Lab1\bai2\bai2\Core\Inc\stm32f1xx_hal_conf.h_save
2022-09-20 11:44:29,995 [INFO] CodeEngine:269 - Generated code: C:\Hoc tap\VXL\STM32\Lab1\bai2\bai2\Core\Inc\stm32f1xx_hal_conf.h
2022-09-20 11:44:30,048 [INFO] CodeEngine:245 - oldGeneratedFile, C:\Hoc tap\VXL\STM32\Lab1\bai2\bai2\Core\Inc\main.h_save
2022-09-20 11:44:30,155 [INFO] CodeEngine:269 - Generated code: C:\Hoc tap\VXL\STM32\Lab1\bai2\bai2\Core\Inc\main.h
2022-09-20 11:44:30,166 [INFO] CodeEngine:245 - oldGeneratedFile, C:\Hoc tap\VXL\STM32\Lab1\bai2\bai2\Core\Src\main.c_save
2022-09-20 11:44:30,343 [INFO] CodeEngine:269 - Generated code: C:\Hoc tap\VXL\STM32\Lab1\bai2\bai2\Core\Src\main.c
2022-09-20 11:44:31,365 [INFO] ProjectBuilder:2919 - Time for Copy HAL[1] : 379mS.
2022-09-20 11:44:31,377 [INFO] ProjectBuilder:4117 - Project Generator version: 3.17.1
2022-09-20 11:44:31,689 [INFO] ConfigFileManager:1394 - The Die is : DIE412
2022-09-20 11:44:31,713 [INFO] ApiDbMcu:505 - Load IP Config File for FATFS
2022-09-20 11:44:31,729 [INFO] ApiDbMcu:505 - Load IP Config File for FREERTOS
2022-09-20 11:44:31,746 [INFO] ApiDbMcu:505 - Load IP Config File for USB_DEVICE
2022-09-20 11:44:37,259 [INFO] ProjectBuilder:4285 - Time for Generating toolchain IDE Files: 5882mS.
2022-09-20 11:44:37,260 [INFO] ProjectBuilder:2790 - Time for Copy CMSIS : 0mS.
2022-09-20 11:44:37,263 [INFO] ProjectBuilder:2790 - Time for Copy CMSIS : 1mS.
2022-09-20 11:44:38,022 [INFO] McuFinderGlobals:57 - Set McuFinderConnectedMode to true
2022-09-20 11:44:38,023 [INFO] ApiDb:443 - Save user favorites file C:\Users\trong/.stm32cubeide/favorites.mcus.txt: 0 item(s)
2022-09-20 11:44:38,024 [INFO] ApiDb:447 - User favorites MCUs=[]
2022-09-20 11:44:38,025 [INFO] ApiDb:443 - Save user favorites file C:\Users\trong/.stm32cubeide/favorites.boards.txt: 0 item(s)
2022-09-20 11:44:38,025 [INFO] ApiDb:447 - User favorites Boards=[]
2022-09-20 11:45:24,139 [INFO] UtilMem:74 - End SaveConfig() Used Memory: 656805448 Bytes (922746880)
2022-09-20 11:45:26,161 [INFO] UtilMem:74 - End SaveConfig() Used Memory: 548444296 Bytes (922746880)
2022-09-20 11:45:28,908 [INFO] UtilMem:74 - End SaveConfig() Used Memory: 608270320 Bytes (922746880)
2022-09-20 11:45:29,305 [INFO] BlockDiagram:2753 - set Specific Code input for plugin: NVIC
2022-09-20 11:45:29,306 [INFO] BlockDiagram:2753 - set Specific Code input for plugin: GPIO
2022-09-20 11:45:29,306 [INFO] BlockDiagram:2753 - set Specific Code input for plugin: RCC
2022-09-20 11:45:29,307 [INFO] CodeGenerator:690 - code generatio: config db path: C:\ST\STM32CubeIDE_1.7.0\STM32CubeIDE\plugins\com.st.stm32cube.common.mx_6.6.1.202207061420\\db\
2022-09-20 11:45:29,496 [INFO] CodeEngine:245 - oldGeneratedFile, C:\Hoc tap\VXL\STM32\Lab1\bai2\bai2\MXTmpFiles\license.tmp_save
2022-09-20 11:45:29,604 [INFO] CodeEngine:269 - Generated code: C:\Hoc tap\VXL\STM32\Lab1\bai2\bai2\MXTmpFiles\license.tmp
2022-09-20 11:45:29,658 [INFO] CodeEngine:245 - oldGeneratedFile, C:\Hoc tap\VXL\STM32\Lab1\bai2\bai2\MXTmpFiles\gpio.tmp_save
2022-09-20 11:45:29,823 [INFO] CodeEngine:269 - Generated code: C:\Hoc tap\VXL\STM32\Lab1\bai2\bai2\MXTmpFiles\gpio.tmp
2022-09-20 11:45:29,844 [INFO] CodeEngine:245 - oldGeneratedFile, C:\Hoc tap\VXL\STM32\Lab1\bai2\bai2\Core\Src\stm32f1xx_it.c_save
2022-09-20 11:45:29,973 [INFO] CodeEngine:269 - Generated code: C:\Hoc tap\VXL\STM32\Lab1\bai2\bai2\Core\Src\stm32f1xx_it.c
2022-09-20 11:45:29,980 [INFO] CodeEngine:245 - oldGeneratedFile, C:\Hoc tap\VXL\STM32\Lab1\bai2\bai2\Core\Inc\stm32f1xx_it.h_save
2022-09-20 11:45:30,081 [INFO] CodeEngine:269 - Generated code: C:\Hoc tap\VXL\STM32\Lab1\bai2\bai2\Core\Inc\stm32f1xx_it.h
2022-09-20 11:45:30,112 [INFO] CodeEngine:245 - oldGeneratedFile, C:\Hoc tap\VXL\STM32\Lab1\bai2\bai2\Core\Src\stm32f1xx_hal_msp.c_save
2022-09-20 11:45:30,233 [INFO] CodeEngine:269 - Generated code: C:\Hoc tap\VXL\STM32\Lab1\bai2\bai2\Core\Src\stm32f1xx_hal_msp.c
2022-09-20 11:45:30,238 [INFO] CodeEngine:245 - oldGeneratedFile, C:\Hoc tap\VXL\STM32\Lab1\bai2\bai2\MXTmpFiles\system.tmp_save
2022-09-20 11:45:30,317 [INFO] CodeEngine:269 - Generated code: C:\Hoc tap\VXL\STM32\Lab1\bai2\bai2\MXTmpFiles\system.tmp
2022-09-20 11:45:30,334 [INFO] CodeEngine:245 - oldGeneratedFile, C:\Hoc tap\VXL\STM32\Lab1\bai2\bai2\Core\Inc\stm32f1xx_hal_conf.h_save
2022-09-20 11:45:30,444 [INFO] CodeEngine:269 - Generated code: C:\Hoc tap\VXL\STM32\Lab1\bai2\bai2\Core\Inc\stm32f1xx_hal_conf.h
2022-09-20 11:45:30,495 [INFO] CodeEngine:245 - oldGeneratedFile, C:\Hoc tap\VXL\STM32\Lab1\bai2\bai2\Core\Inc\main.h_save
2022-09-20 11:45:30,606 [INFO] CodeEngine:269 - Generated code: C:\Hoc tap\VXL\STM32\Lab1\bai2\bai2\Core\Inc\main.h
2022-09-20 11:45:30,620 [INFO] CodeEngine:245 - oldGeneratedFile, C:\Hoc tap\VXL\STM32\Lab1\bai2\bai2\Core\Src\main.c_save
2022-09-20 11:45:30,775 [INFO] CodeEngine:269 - Generated code: C:\Hoc tap\VXL\STM32\Lab1\bai2\bai2\Core\Src\main.c
2022-09-20 11:45:31,716 [INFO] ProjectBuilder:2919 - Time for Copy HAL[1] : 235mS.
2022-09-20 11:45:31,720 [INFO] ProjectBuilder:4117 - Project Generator version: 3.17.1
2022-09-20 11:45:32,069 [INFO] ConfigFileManager:1394 - The Die is : DIE412
2022-09-20 11:45:33,668 [INFO] ProjectBuilder:4285 - Time for Generating toolchain IDE Files: 1948mS.
2022-09-20 11:45:33,669 [INFO] ProjectBuilder:2790 - Time for Copy CMSIS : 1mS.
2022-09-20 11:45:33,672 [INFO] ProjectBuilder:2790 - Time for Copy CMSIS : 0mS.
2022-09-20 12:18:57,605 [ERROR] LogOutputStream:74 - [STDERR_REDIRECT] 
